2023-01-19 14:31:56	INFO	::casa	
2023-01-19 14:31:56	INFO	::casa	
2023-01-19 14:31:56	INFO	::casa	
2023-01-19 14:31:56	INFO	::casa	
2023-01-19 14:31:56	INFO	::casa	CASA Version PIPELINE 6.4.1.12
2023-01-19 14:31:56	INFO	::casa	
2023-01-19 14:31:56	INFO	::casa	Found an existing telemetry logfile: /arc/home/afehr/.casa/casastats-6.4.1.12-9277be5fefa3-20230119-142827.log
2023-01-19 14:31:56	INFO	::casa	Telemetry log file: /arc/home/afehr/.casa/casastats-6.4.1.12-9277be5fefa3-20230119-142827.log
2023-01-19 14:31:56	INFO	::casa	Checking telemetry submission interval
2023-01-19 14:31:56	INFO	::casa	Telemetry submit interval not reached. Not submitting data.
2023-01-19 14:31:56	INFO	::casa	Next telemetry data submission in: 6 days, 23:56:31.399638
2023-01-19 14:31:57	INFO	::casa	
2023-01-19 14:31:57	INFO	::casa	optional configuration file config.py not found, continuing CASA startup without it
2023-01-19 14:31:57	INFO	::casa	
2023-01-19 14:31:57	INFO	::casa	Checking Measures tables in data repository sub-directory /opt/casa-6.4.1-12-pipeline-2022.2.0.64/lib/py/lib/python3.6/site-packages/casadata/__data__/geodetic
2023-01-19 14:31:57	INFO	::casa	  IERSeop2000 (version date, last date in table (UTC)): 2022/07/28/15:00, 2022/06/28/00:00:00
2023-01-19 14:31:57	INFO	::casa	  IERSeop97 (version date, last date in table (UTC)): 2022/07/28/15:00, 2022/06/28/00:00:00
2023-01-19 14:31:57	INFO	::casa	  IERSpredict (version date, last date in table (UTC)): 2022/08/24/15:00, 2022/11/22/00:00:00
2023-01-19 14:31:57	INFO	::casa	  TAI_UTC (version date, last date in table (UTC)): 2022/08/23/15:00, 2017/01/01/00:00:00
2023-01-19 14:32:25	SEVERE	putcol::DATA	Exception Reported: Invalid Table operation: ArrayColumn::setShape; shape cannot be changed for row 0 in column DATA
2023-01-19 14:35:31	SEVERE	putcol::DATA	Exception Reported: Invalid Table operation: ArrayColumn::setShape; shape cannot be changed for row 0 in column DATA
