2023-02-09 16:25:36	INFO	::casa	
2023-02-09 16:25:36	INFO	::casa	
2023-02-09 16:25:36	INFO	::casa	
2023-02-09 16:25:36	INFO	::casa	
2023-02-09 16:25:36	INFO	::casa	CASA Version PIPELINE 6.4.1.12
2023-02-09 16:25:36	INFO	::casa	
2023-02-09 16:25:36	INFO	::casa	Found an existing telemetry logfile: /arc/home/afehr/.casa/casastats-6.4.1.12-165a669e67b-20230209-160013.log
2023-02-09 16:25:36	INFO	::casa	Telemetry log file: /arc/home/afehr/.casa/casastats-6.4.1.12-165a669e67b-20230209-160013.log
2023-02-09 16:25:36	INFO	::casa	Checking telemetry submission interval
2023-02-09 16:25:36	INFO	::casa	Telemetry submit interval not reached. Not submitting data.
2023-02-09 16:25:36	INFO	::casa	Next telemetry data submission in: 6 days, 23:34:37.694916
2023-02-09 16:25:36	INFO	::casa	
2023-02-09 16:25:37	INFO	::casa	optional configuration file config.py not found, continuing CASA startup without it
2023-02-09 16:25:37	INFO	::casa	
2023-02-09 16:25:37	INFO	::casa	Checking Measures tables in data repository sub-directory /opt/casa-6.4.1-12-pipeline-2022.2.0.64/lib/py/lib/python3.6/site-packages/casadata/__data__/geodetic
2023-02-09 16:25:37	INFO	::casa	  IERSeop2000 (version date, last date in table (UTC)): 2022/07/28/15:00, 2022/06/28/00:00:00
2023-02-09 16:25:37	INFO	::casa	  IERSeop97 (version date, last date in table (UTC)): 2022/07/28/15:00, 2022/06/28/00:00:00
2023-02-09 16:25:37	INFO	::casa	  IERSpredict (version date, last date in table (UTC)): 2022/08/24/15:00, 2022/11/22/00:00:00
2023-02-09 16:25:37	INFO	::casa	  TAI_UTC (version date, last date in table (UTC)): 2022/08/23/15:00, 2017/01/01/00:00:00
2023-02-09 16:25:39	INFO	tclean::::casa	##########################################
2023-02-09 16:25:39	INFO	tclean::::casa	##### Begin Task: tclean             #####
2023-02-09 16:25:39	INFO	tclean::::casa	tclean( vis='mod.ms/', selectdata=True, field='', spw='', timerange='', uvrange='', antenna='', scan='', observation='', intent='', datacolumn='corrected', imagename='mod', imsize=[1024, 1024], cell=0.04, phasecenter='', stokes='I', projection='SIN', startmodel='', specmode='mfs', reffreq='', nchan=-1, start='', width='', outframe='LSRK', veltype='radio', restfreq=[], interpolation='linear', perchanweightdensity=True, gridder='standard', facets=1, psfphasecenter='', wprojplanes=1, vptable='', mosweight=True, aterm=True, psterm=False, wbawp=True, conjbeams=False, cfcache='', usepointing=False, computepastep=360.0, rotatepastep=360.0, pointingoffsetsigdev=[], pblimit=0.2, normtype='flatnoise', deconvolver='hogbom', scales=[], nterms=2, smallscalebias=0.0, restoration=True, restoringbeam=[], pbcor=True, outlierfile='', weighting='briggs', robust=0.5, noise='1.0Jy', npixels=0, uvtaper=[''], niter=10000, gain=0.1, threshold=0.0, nsigma=0.0, cycleniter=-1, cyclefactor=1.0, minpsffraction=0.05, maxpsffraction=0.8, interactive=False, usemask='user', mask='', pbmask=0.0, sidelobethreshold=3.0, noisethreshold=5.0, lownoisethreshold=1.5, negativethreshold=0.0, smoothfactor=1.0, minbeamfrac=0.3, cutthreshold=0.01, growiterations=75, dogrowprune=True, minpercentchange=-1.0, verbose=False, fastnoise=True, restart=True, savemodel='none', calcres=True, calcpsf=True, psfcutoff=0.35, parallel=False )
2023-02-09 16:25:39	INFO	tclean::::casa	Verifying Input Parameters
2023-02-09 16:25:39	INFO	SynthesisImagerVi2::selectData 	MS : mod.ms/ | [Opened in readonly mode]
2023-02-09 16:25:39	INFO	SynthesisImagerVi2::selectData 	  NRows selected : 340704
2023-02-09 16:25:39	INFO	SynthesisImagerVi2::defineImage 	Define image coordinates for [mod] : 
2023-02-09 16:25:39	INFO	SynthesisImagerVi2::defineImage 	Impars : start 
2023-02-09 16:25:39	INFO	SynthesisImagerVi2::defineImage 	Shape : [1024, 1024, 1, 1]Spectral : [3.38225e+11] at [0] with increment [1.57092e+10]
2023-02-09 16:25:39	INFO	SynthesisImagerVi2::defineImage 	Set Gridding options for [mod] with ftmachine : gridft
2023-02-09 16:25:39	INFO	SynthesisImagerVi2::nSubCubeFitInMemory	Required memory: 0.05239 GB. Available mem.: 106 GB (rc, mem. fraction: 80%, memory: -) => Subcubes: 1. Processes on node: 1.
2023-02-09 16:25:39	INFO	SynthesisImagerVi2::weight() 	Set imaging weights : Briggs weighting: sidelobes will be suppressed over full image
2023-02-09 16:25:41	INFO	VisSetUtil::VisImagingWeight() 	Normal robustness, robust = 0.5
2023-02-09 16:25:41	INFO	task_tclean::SynthesisDeconvolver::setupDeconvolution 	Set Deconvolution Options for [mod] : hogbom
2023-02-09 16:25:41	INFO	task_tclean::SynthesisImager::makePSF 	----------------------------------------------------------- Make PSF ---------------------------------------------
2023-02-09 16:26:10	INFO	task_tclean::::	Process 349: waiting for write-lock on file /arc/projects/ARKS/vertical_structure/parametric_modeling/examples/mod.image/table.lock
2023-02-09 16:29:47	INFO	tclean::::casa	Task tclean complete. Start time: 2023-02-09 16:25:38.748286 End time: 2023-02-09 16:29:47.279819
2023-02-09 16:29:47	INFO	tclean::::casa	##### End Task: tclean               #####
2023-02-09 16:29:47	INFO	tclean::::casa	##########################################
